****************
[11:22:08 24/11/2022]
"[ERROR]{}"
****************
****************
[11:22:35 24/11/2022]
"[ERROR]{}"
****************
****************
[11:23:19 24/11/2022]
"[ERROR]{}"
****************
****************
[11:24:10 24/11/2022]
"[ERROR]{}"
****************
****************
[11:24:47 24/11/2022]
"[ERROR]{}"
****************
****************
[11:25:30 24/11/2022]
"[ERROR]{}"
****************
****************
[11:26:20 24/11/2022]
"[ERROR]{}"
****************
****************
[11:26:56 24/11/2022]
"[ERROR]{}"
****************
****************
[11:27:42 24/11/2022]
"[ERROR]{}"
****************
****************
[11:28:25 24/11/2022]
"[ERROR]{}"
****************
****************
[11:29:14 24/11/2022]
"[ERROR]{}"
****************
****************
[11:29:58 24/11/2022]
"[ERROR]{}"
****************
****************
[11:32:13 24/11/2022]
"[ERROR]{}"
****************
****************
[11:32:50 24/11/2022]
"[ERROR]{}"
****************
****************
[11:33:55 24/11/2022]
"[ERROR]{}"
****************
****************
[11:34:56 24/11/2022]
"[ERROR]{}"
****************
****************
[11:35:35 24/11/2022]
"[ERROR]{}"
****************
****************
[11:36:12 24/11/2022]
"[ERROR]{}"
****************
****************
[11:37:01 24/11/2022]
"[ERROR]{}"
****************
****************
[11:37:38 24/11/2022]
"[ERROR]{}"
****************
****************
[11:38:17 24/11/2022]
"[ERROR]{}"
****************
****************
[11:39:13 24/11/2022]
"[ERROR]{}"
****************
****************
[11:40:32 24/11/2022]
"[ERROR]{\"message\":\"Request failed with status code 504\",\"name\":\"AxiosError\",\"config\":{\"transitional\":{\"silentJSONParsing\":true,\"forcedJSONParsing\":true,\"clarifyTimeoutError\":false},\"transformRequest\":[null],\"transformResponse\":[null],\"timeout\":0,\"xsrfCookieName\":\"XSRF-TOKEN\",\"xsrfHeaderName\":\"X-XSRF-TOKEN\",\"maxContentLength\":-1,\"maxBodyLength\":-1,\"env\":{},\"headers\":{\"Accept\":\"application/json, text/plain, */*\",\"Content-Type\":\"application/json\",\"Api-Key\":\"eyJhbGciOiJSUzUxMiIsInR5cCI6IkpXVCJ9.eyJzdWIiOiI0NzhmMTdmMC02NTM2LTRiOTctYWNjZi0yYTI5MjIxNmYzZDMiLCJleHAiOjE3MzQ1MzQxNjAsIlBhcnRpdGlvbiI6NX0.RdwUpZdBTl-fL3IPosJt3rZ-9nik7bfiB5InBBXS8xqKbqh4I1-Mt9fTp1F2JeN2pLWJsVSsZgJai8wb2AnIPMKx7g2PENpR3cFPeO8RrlVQU5BO_mYP0slK75nHudX2ggCS7le_LCRpX4xsAbKObksYppgXCHxcYLnXAi7C21wme5HFzMbPsFBFo1ohe3cvI7Y30HSZvh85uo0ngWt1WeuVA_yry60WqT5fLE3A92s8URs59vMqfwhSHvm2ar6FZLP8JtU6-PQtXHb3O-DcyBlmbPevpOOQmuR4aMkxVMyOCIrMJRkKLp7BqaKKuZmDo0jrUpCiNkBE48phpMKx2g\",\"User-Agent\":\"axios/0.27.2\",\"Content-Length\":1049},\"baseURL\":\"https://api.ximi.xelya.io\",\"method\":\"post\",\"url\":\"/Addi/api/graphql\",\"data\":\"{\\\"Query\\\":\\\"\\\\n\\\\t\\\\t{\\\\n\\\\t\\\\t\\\\tclients(limit: 500, offset: 5000) {\\\\n\\\\t\\\\t\\\\t\\\\titems {\\\\n\\\\t\\\\t\\\\t\\\\t\\\\tid\\\\n\\\\t\\\\t\\\\t\\\\t\\\\tcTime\\\\n\\\\t\\\\t\\\\t\\\\t\\\\tstage\\\\n\\\\t\\\\t\\\\t\\\\t\\\\tstatus\\\\n\\\\t\\\\t\\\\t\\\\t\\\\temail\\\\n\\\\t\\\\t\\\\t\\\\t\\\\thomePhone\\\\n\\\\t\\\\t\\\\t\\\\t\\\\tphone\\\\n\\\\t\\\\t\\\\t\\\\t\\\\tmodality\\\\n\\\\t\\\\t\\\\t\\\\t\\\\tfirstContactDate\\\\n\\\\t\\\\t\\\\t\\\\t\\\\tlastInterventionDate\\\\n\\\\t\\\\t\\\\t\\\\t\\\\tlastMissionEnd\\\\n\\\\t\\\\t\\\\t\\\\t\\\\tmissions {\\\\n\\\\t\\\\t\\\\t\\\\t\\\\t\\\\tlabel\\\\n\\\\t\\\\t\\\\t\\\\t\\\\t}\\\\n\\\\t\\\\t\\\\t\\\\t\\\\tcoverageType {\\\\n\\\\t\\\\t\\\\t\\\\t\\\\t\\\\ttype\\\\n\\\\t\\\\t\\\\t\\\\t\\\\t}\\\\n\\\\t\\\\t\\\\t\\\\t\\\\tcontactSource { \\\\n\\\\t\\\\t\\\\t\\\\t\\\\t\\\\tinternalType\\\\n\\\\t\\\\t\\\\t\\\\t\\\\t}\\\\n\\\\t\\\\t\\\\t\\\\t\\\\tcontact {\\\\n\\\\t\\\\t\\\\t\\\\t\\\\t\\\\tfirstName\\\\n\\\\t\\\\t\\\\t\\\\t\\\\t\\\\tlastName\\\\n\\\\t\\\\t\\\\t\\\\t\\\\t\\\\tbirthDate\\\\n\\\\t\\\\t\\\\t\\\\t\\\\t\\\\ttitle\\\\n\\\\t\\\\t\\\\t\\\\t\\\\t\\\\tfamilyStatus\\\\n\\\\t\\\\t\\\\t\\\\t\\\\t\\\\temailAddress1\\\\n\\\\t\\\\t\\\\t\\\\t\\\\t}\\\\n\\\\t\\\\t\\\\t\\\\t\\\\taddress {\\\\n\\\\t\\\\t\\\\t\\\\t\\\\t\\\\tzip\\\\n\\\\t\\\\t\\\\t\\\\t\\\\t\\\\tstreet1\\\\n\\\\t\\\\t\\\\t\\\\t\\\\t\\\\tcity\\\\n\\\\t\\\\t\\\\t\\\\t\\\\t\\\\tbuilding\\\\n\\\\t\\\\t\\\\t\\\\t\\\\t}\\\\n\\\\t\\\\t\\\\t\\\\t\\\\tinterventions {\\\\n\\\\t\\\\t\\\\t\\\\t\\\\t\\\\tstartDate\\\\n\\\\t\\\\t\\\\t\\\\t\\\\t\\\\tagent {\\\\n\\\\t\\\\t\\\\t\\\\t\\\\t\\\\t\\\\tfirstName\\\\n\\\\t\\\\t\\\\t\\\\t\\\\t\\\\t\\\\tlastName\\\\n\\\\t\\\\t\\\\t\\\\t\\\\t\\\\t}\\\\n\\\\t\\\\t\\\\t\\\\t\\\\t}\\\\n\\\\t\\\\t\\\\t\\\\t\\\\tneedsDisplay\\\\n\\\\t\\\\t\\\\t\\\\t\\\\tisIsolated\\\\n\\\\t\\\\t\\\\t\\\\t\\\\tcomputedGIRSAAD\\\\n\\\\t\\\\t\\\\t\\\\t\\\\tmandateSigned\\\\n\\\\t\\\\t\\\\t\\\\t}\\\\n\\\\t\\\\t\\\\t}\\\\n\\\\t\\\\t}\\\\n\\\\t\\\\t\\\"}\"},\"code\":\"ERR_BAD_RESPONSE\",\"status\":504}"
****************
****************
[11:41:50 24/11/2022]
"[ERROR]{\"message\":\"Request failed with status code 504\",\"name\":\"AxiosError\",\"config\":{\"transitional\":{\"silentJSONParsing\":true,\"forcedJSONParsing\":true,\"clarifyTimeoutError\":false},\"transformRequest\":[null],\"transformResponse\":[null],\"timeout\":0,\"xsrfCookieName\":\"XSRF-TOKEN\",\"xsrfHeaderName\":\"X-XSRF-TOKEN\",\"maxContentLength\":-1,\"maxBodyLength\":-1,\"env\":{},\"headers\":{\"Accept\":\"application/json, text/plain, */*\",\"Content-Type\":\"application/json\",\"Api-Key\":\"eyJhbGciOiJSUzUxMiIsInR5cCI6IkpXVCJ9.eyJzdWIiOiI0NzhmMTdmMC02NTM2LTRiOTctYWNjZi0yYTI5MjIxNmYzZDMiLCJleHAiOjE3MzQ1MzQxNjAsIlBhcnRpdGlvbiI6NX0.RdwUpZdBTl-fL3IPosJt3rZ-9nik7bfiB5InBBXS8xqKbqh4I1-Mt9fTp1F2JeN2pLWJsVSsZgJai8wb2AnIPMKx7g2PENpR3cFPeO8RrlVQU5BO_mYP0slK75nHudX2ggCS7le_LCRpX4xsAbKObksYppgXCHxcYLnXAi7C21wme5HFzMbPsFBFo1ohe3cvI7Y30HSZvh85uo0ngWt1WeuVA_yry60WqT5fLE3A92s8URs59vMqfwhSHvm2ar6FZLP8JtU6-PQtXHb3O-DcyBlmbPevpOOQmuR4aMkxVMyOCIrMJRkKLp7BqaKKuZmDo0jrUpCiNkBE48phpMKx2g\",\"User-Agent\":\"axios/0.27.2\",\"Content-Length\":1049},\"baseURL\":\"https://api.ximi.xelya.io\",\"method\":\"post\",\"url\":\"/Addi/api/graphql\",\"data\":\"{\\\"Query\\\":\\\"\\\\n\\\\t\\\\t{\\\\n\\\\t\\\\t\\\\tclients(limit: 500, offset: 5500) {\\\\n\\\\t\\\\t\\\\t\\\\titems {\\\\n\\\\t\\\\t\\\\t\\\\t\\\\tid\\\\n\\\\t\\\\t\\\\t\\\\t\\\\tcTime\\\\n\\\\t\\\\t\\\\t\\\\t\\\\tstage\\\\n\\\\t\\\\t\\\\t\\\\t\\\\tstatus\\\\n\\\\t\\\\t\\\\t\\\\t\\\\temail\\\\n\\\\t\\\\t\\\\t\\\\t\\\\thomePhone\\\\n\\\\t\\\\t\\\\t\\\\t\\\\tphone\\\\n\\\\t\\\\t\\\\t\\\\t\\\\tmodality\\\\n\\\\t\\\\t\\\\t\\\\t\\\\tfirstContactDate\\\\n\\\\t\\\\t\\\\t\\\\t\\\\tlastInterventionDate\\\\n\\\\t\\\\t\\\\t\\\\t\\\\tlastMissionEnd\\\\n\\\\t\\\\t\\\\t\\\\t\\\\tmissions {\\\\n\\\\t\\\\t\\\\t\\\\t\\\\t\\\\tlabel\\\\n\\\\t\\\\t\\\\t\\\\t\\\\t}\\\\n\\\\t\\\\t\\\\t\\\\t\\\\tcoverageType {\\\\n\\\\t\\\\t\\\\t\\\\t\\\\t\\\\ttype\\\\n\\\\t\\\\t\\\\t\\\\t\\\\t}\\\\n\\\\t\\\\t\\\\t\\\\t\\\\tcontactSource { \\\\n\\\\t\\\\t\\\\t\\\\t\\\\t\\\\tinternalType\\\\n\\\\t\\\\t\\\\t\\\\t\\\\t}\\\\n\\\\t\\\\t\\\\t\\\\t\\\\tcontact {\\\\n\\\\t\\\\t\\\\t\\\\t\\\\t\\\\tfirstName\\\\n\\\\t\\\\t\\\\t\\\\t\\\\t\\\\tlastName\\\\n\\\\t\\\\t\\\\t\\\\t\\\\t\\\\tbirthDate\\\\n\\\\t\\\\t\\\\t\\\\t\\\\t\\\\ttitle\\\\n\\\\t\\\\t\\\\t\\\\t\\\\t\\\\tfamilyStatus\\\\n\\\\t\\\\t\\\\t\\\\t\\\\t\\\\temailAddress1\\\\n\\\\t\\\\t\\\\t\\\\t\\\\t}\\\\n\\\\t\\\\t\\\\t\\\\t\\\\taddress {\\\\n\\\\t\\\\t\\\\t\\\\t\\\\t\\\\tzip\\\\n\\\\t\\\\t\\\\t\\\\t\\\\t\\\\tstreet1\\\\n\\\\t\\\\t\\\\t\\\\t\\\\t\\\\tcity\\\\n\\\\t\\\\t\\\\t\\\\t\\\\t\\\\tbuilding\\\\n\\\\t\\\\t\\\\t\\\\t\\\\t}\\\\n\\\\t\\\\t\\\\t\\\\t\\\\tinterventions {\\\\n\\\\t\\\\t\\\\t\\\\t\\\\t\\\\tstartDate\\\\n\\\\t\\\\t\\\\t\\\\t\\\\t\\\\tagent {\\\\n\\\\t\\\\t\\\\t\\\\t\\\\t\\\\t\\\\tfirstName\\\\n\\\\t\\\\t\\\\t\\\\t\\\\t\\\\t\\\\tlastName\\\\n\\\\t\\\\t\\\\t\\\\t\\\\t\\\\t}\\\\n\\\\t\\\\t\\\\t\\\\t\\\\t}\\\\n\\\\t\\\\t\\\\t\\\\t\\\\tneedsDisplay\\\\n\\\\t\\\\t\\\\t\\\\t\\\\tisIsolated\\\\n\\\\t\\\\t\\\\t\\\\t\\\\tcomputedGIRSAAD\\\\n\\\\t\\\\t\\\\t\\\\t\\\\tmandateSigned\\\\n\\\\t\\\\t\\\\t\\\\t}\\\\n\\\\t\\\\t\\\\t}\\\\n\\\\t\\\\t}\\\\n\\\\t\\\\t\\\"}\"},\"code\":\"ERR_BAD_RESPONSE\",\"status\":504}"
****************
****************
[11:42:51 24/11/2022]
"[ERROR]{}"
****************
****************
[11:43:47 24/11/2022]
"[ERROR]{}"
****************
****************
[11:44:45 24/11/2022]
"[ERROR]{}"
****************
****************
[11:46:06 24/11/2022]
"[ERROR]{}"
****************
****************
[11:47:02 24/11/2022]
"[ERROR]{}"
****************
****************
[11:47:53 24/11/2022]
"[ERROR]{}"
****************
****************
[11:48:44 24/11/2022]
"[ERROR]{}"
****************
****************
[11:49:52 24/11/2022]
"[ERROR]{}"
****************
****************
[11:51:13 24/11/2022]
"[ERROR]{\"message\":\"Request failed with status code 504\",\"name\":\"AxiosError\",\"config\":{\"transitional\":{\"silentJSONParsing\":true,\"forcedJSONParsing\":true,\"clarifyTimeoutError\":false},\"transformRequest\":[null],\"transformResponse\":[null],\"timeout\":0,\"xsrfCookieName\":\"XSRF-TOKEN\",\"xsrfHeaderName\":\"X-XSRF-TOKEN\",\"maxContentLength\":-1,\"maxBodyLength\":-1,\"env\":{},\"headers\":{\"Accept\":\"application/json, text/plain, */*\",\"Content-Type\":\"application/json\",\"Api-Key\":\"eyJhbGciOiJSUzUxMiIsInR5cCI6IkpXVCJ9.eyJzdWIiOiI0NzhmMTdmMC02NTM2LTRiOTctYWNjZi0yYTI5MjIxNmYzZDMiLCJleHAiOjE3MzQ1MzQxNjAsIlBhcnRpdGlvbiI6NX0.RdwUpZdBTl-fL3IPosJt3rZ-9nik7bfiB5InBBXS8xqKbqh4I1-Mt9fTp1F2JeN2pLWJsVSsZgJai8wb2AnIPMKx7g2PENpR3cFPeO8RrlVQU5BO_mYP0slK75nHudX2ggCS7le_LCRpX4xsAbKObksYppgXCHxcYLnXAi7C21wme5HFzMbPsFBFo1ohe3cvI7Y30HSZvh85uo0ngWt1WeuVA_yry60WqT5fLE3A92s8URs59vMqfwhSHvm2ar6FZLP8JtU6-PQtXHb3O-DcyBlmbPevpOOQmuR4aMkxVMyOCIrMJRkKLp7BqaKKuZmDo0jrUpCiNkBE48phpMKx2g\",\"User-Agent\":\"axios/0.27.2\",\"Content-Length\":1050},\"baseURL\":\"https://api.ximi.xelya.io\",\"method\":\"post\",\"url\":\"/Addi/api/graphql\",\"data\":\"{\\\"Query\\\":\\\"\\\\n\\\\t\\\\t{\\\\n\\\\t\\\\t\\\\tclients(limit: 500, offset: 10000) {\\\\n\\\\t\\\\t\\\\t\\\\titems {\\\\n\\\\t\\\\t\\\\t\\\\t\\\\tid\\\\n\\\\t\\\\t\\\\t\\\\t\\\\tcTime\\\\n\\\\t\\\\t\\\\t\\\\t\\\\tstage\\\\n\\\\t\\\\t\\\\t\\\\t\\\\tstatus\\\\n\\\\t\\\\t\\\\t\\\\t\\\\temail\\\\n\\\\t\\\\t\\\\t\\\\t\\\\thomePhone\\\\n\\\\t\\\\t\\\\t\\\\t\\\\tphone\\\\n\\\\t\\\\t\\\\t\\\\t\\\\tmodality\\\\n\\\\t\\\\t\\\\t\\\\t\\\\tfirstContactDate\\\\n\\\\t\\\\t\\\\t\\\\t\\\\tlastInterventionDate\\\\n\\\\t\\\\t\\\\t\\\\t\\\\tlastMissionEnd\\\\n\\\\t\\\\t\\\\t\\\\t\\\\tmissions {\\\\n\\\\t\\\\t\\\\t\\\\t\\\\t\\\\tlabel\\\\n\\\\t\\\\t\\\\t\\\\t\\\\t}\\\\n\\\\t\\\\t\\\\t\\\\t\\\\tcoverageType {\\\\n\\\\t\\\\t\\\\t\\\\t\\\\t\\\\ttype\\\\n\\\\t\\\\t\\\\t\\\\t\\\\t}\\\\n\\\\t\\\\t\\\\t\\\\t\\\\tcontactSource { \\\\n\\\\t\\\\t\\\\t\\\\t\\\\t\\\\tinternalType\\\\n\\\\t\\\\t\\\\t\\\\t\\\\t}\\\\n\\\\t\\\\t\\\\t\\\\t\\\\tcontact {\\\\n\\\\t\\\\t\\\\t\\\\t\\\\t\\\\tfirstName\\\\n\\\\t\\\\t\\\\t\\\\t\\\\t\\\\tlastName\\\\n\\\\t\\\\t\\\\t\\\\t\\\\t\\\\tbirthDate\\\\n\\\\t\\\\t\\\\t\\\\t\\\\t\\\\ttitle\\\\n\\\\t\\\\t\\\\t\\\\t\\\\t\\\\tfamilyStatus\\\\n\\\\t\\\\t\\\\t\\\\t\\\\t\\\\temailAddress1\\\\n\\\\t\\\\t\\\\t\\\\t\\\\t}\\\\n\\\\t\\\\t\\\\t\\\\t\\\\taddress {\\\\n\\\\t\\\\t\\\\t\\\\t\\\\t\\\\tzip\\\\n\\\\t\\\\t\\\\t\\\\t\\\\t\\\\tstreet1\\\\n\\\\t\\\\t\\\\t\\\\t\\\\t\\\\tcity\\\\n\\\\t\\\\t\\\\t\\\\t\\\\t\\\\tbuilding\\\\n\\\\t\\\\t\\\\t\\\\t\\\\t}\\\\n\\\\t\\\\t\\\\t\\\\t\\\\tinterventions {\\\\n\\\\t\\\\t\\\\t\\\\t\\\\t\\\\tstartDate\\\\n\\\\t\\\\t\\\\t\\\\t\\\\t\\\\tagent {\\\\n\\\\t\\\\t\\\\t\\\\t\\\\t\\\\t\\\\tfirstName\\\\n\\\\t\\\\t\\\\t\\\\t\\\\t\\\\t\\\\tlastName\\\\n\\\\t\\\\t\\\\t\\\\t\\\\t\\\\t}\\\\n\\\\t\\\\t\\\\t\\\\t\\\\t}\\\\n\\\\t\\\\t\\\\t\\\\t\\\\tneedsDisplay\\\\n\\\\t\\\\t\\\\t\\\\t\\\\tisIsolated\\\\n\\\\t\\\\t\\\\t\\\\t\\\\tcomputedGIRSAAD\\\\n\\\\t\\\\t\\\\t\\\\t\\\\tmandateSigned\\\\n\\\\t\\\\t\\\\t\\\\t}\\\\n\\\\t\\\\t\\\\t}\\\\n\\\\t\\\\t}\\\\n\\\\t\\\\t\\\"}\"},\"code\":\"ERR_BAD_RESPONSE\",\"status\":504}"
****************
****************
[11:52:36 24/11/2022]
"[ERROR]{\"message\":\"Request failed with status code 504\",\"name\":\"AxiosError\",\"config\":{\"transitional\":{\"silentJSONParsing\":true,\"forcedJSONParsing\":true,\"clarifyTimeoutError\":false},\"transformRequest\":[null],\"transformResponse\":[null],\"timeout\":0,\"xsrfCookieName\":\"XSRF-TOKEN\",\"xsrfHeaderName\":\"X-XSRF-TOKEN\",\"maxContentLength\":-1,\"maxBodyLength\":-1,\"env\":{},\"headers\":{\"Accept\":\"application/json, text/plain, */*\",\"Content-Type\":\"application/json\",\"Api-Key\":\"eyJhbGciOiJSUzUxMiIsInR5cCI6IkpXVCJ9.eyJzdWIiOiI0NzhmMTdmMC02NTM2LTRiOTctYWNjZi0yYTI5MjIxNmYzZDMiLCJleHAiOjE3MzQ1MzQxNjAsIlBhcnRpdGlvbiI6NX0.RdwUpZdBTl-fL3IPosJt3rZ-9nik7bfiB5InBBXS8xqKbqh4I1-Mt9fTp1F2JeN2pLWJsVSsZgJai8wb2AnIPMKx7g2PENpR3cFPeO8RrlVQU5BO_mYP0slK75nHudX2ggCS7le_LCRpX4xsAbKObksYppgXCHxcYLnXAi7C21wme5HFzMbPsFBFo1ohe3cvI7Y30HSZvh85uo0ngWt1WeuVA_yry60WqT5fLE3A92s8URs59vMqfwhSHvm2ar6FZLP8JtU6-PQtXHb3O-DcyBlmbPevpOOQmuR4aMkxVMyOCIrMJRkKLp7BqaKKuZmDo0jrUpCiNkBE48phpMKx2g\",\"User-Agent\":\"axios/0.27.2\",\"Content-Length\":1050},\"baseURL\":\"https://api.ximi.xelya.io\",\"method\":\"post\",\"url\":\"/Addi/api/graphql\",\"data\":\"{\\\"Query\\\":\\\"\\\\n\\\\t\\\\t{\\\\n\\\\t\\\\t\\\\tclients(limit: 500, offset: 10500) {\\\\n\\\\t\\\\t\\\\t\\\\titems {\\\\n\\\\t\\\\t\\\\t\\\\t\\\\tid\\\\n\\\\t\\\\t\\\\t\\\\t\\\\tcTime\\\\n\\\\t\\\\t\\\\t\\\\t\\\\tstage\\\\n\\\\t\\\\t\\\\t\\\\t\\\\tstatus\\\\n\\\\t\\\\t\\\\t\\\\t\\\\temail\\\\n\\\\t\\\\t\\\\t\\\\t\\\\thomePhone\\\\n\\\\t\\\\t\\\\t\\\\t\\\\tphone\\\\n\\\\t\\\\t\\\\t\\\\t\\\\tmodality\\\\n\\\\t\\\\t\\\\t\\\\t\\\\tfirstContactDate\\\\n\\\\t\\\\t\\\\t\\\\t\\\\tlastInterventionDate\\\\n\\\\t\\\\t\\\\t\\\\t\\\\tlastMissionEnd\\\\n\\\\t\\\\t\\\\t\\\\t\\\\tmissions {\\\\n\\\\t\\\\t\\\\t\\\\t\\\\t\\\\tlabel\\\\n\\\\t\\\\t\\\\t\\\\t\\\\t}\\\\n\\\\t\\\\t\\\\t\\\\t\\\\tcoverageType {\\\\n\\\\t\\\\t\\\\t\\\\t\\\\t\\\\ttype\\\\n\\\\t\\\\t\\\\t\\\\t\\\\t}\\\\n\\\\t\\\\t\\\\t\\\\t\\\\tcontactSource { \\\\n\\\\t\\\\t\\\\t\\\\t\\\\t\\\\tinternalType\\\\n\\\\t\\\\t\\\\t\\\\t\\\\t}\\\\n\\\\t\\\\t\\\\t\\\\t\\\\tcontact {\\\\n\\\\t\\\\t\\\\t\\\\t\\\\t\\\\tfirstName\\\\n\\\\t\\\\t\\\\t\\\\t\\\\t\\\\tlastName\\\\n\\\\t\\\\t\\\\t\\\\t\\\\t\\\\tbirthDate\\\\n\\\\t\\\\t\\\\t\\\\t\\\\t\\\\ttitle\\\\n\\\\t\\\\t\\\\t\\\\t\\\\t\\\\tfamilyStatus\\\\n\\\\t\\\\t\\\\t\\\\t\\\\t\\\\temailAddress1\\\\n\\\\t\\\\t\\\\t\\\\t\\\\t}\\\\n\\\\t\\\\t\\\\t\\\\t\\\\taddress {\\\\n\\\\t\\\\t\\\\t\\\\t\\\\t\\\\tzip\\\\n\\\\t\\\\t\\\\t\\\\t\\\\t\\\\tstreet1\\\\n\\\\t\\\\t\\\\t\\\\t\\\\t\\\\tcity\\\\n\\\\t\\\\t\\\\t\\\\t\\\\t\\\\tbuilding\\\\n\\\\t\\\\t\\\\t\\\\t\\\\t}\\\\n\\\\t\\\\t\\\\t\\\\t\\\\tinterventions {\\\\n\\\\t\\\\t\\\\t\\\\t\\\\t\\\\tstartDate\\\\n\\\\t\\\\t\\\\t\\\\t\\\\t\\\\tagent {\\\\n\\\\t\\\\t\\\\t\\\\t\\\\t\\\\t\\\\tfirstName\\\\n\\\\t\\\\t\\\\t\\\\t\\\\t\\\\t\\\\tlastName\\\\n\\\\t\\\\t\\\\t\\\\t\\\\t\\\\t}\\\\n\\\\t\\\\t\\\\t\\\\t\\\\t}\\\\n\\\\t\\\\t\\\\t\\\\t\\\\tneedsDisplay\\\\n\\\\t\\\\t\\\\t\\\\t\\\\tisIsolated\\\\n\\\\t\\\\t\\\\t\\\\t\\\\tcomputedGIRSAAD\\\\n\\\\t\\\\t\\\\t\\\\t\\\\tmandateSigned\\\\n\\\\t\\\\t\\\\t\\\\t}\\\\n\\\\t\\\\t\\\\t}\\\\n\\\\t\\\\t}\\\\n\\\\t\\\\t\\\"}\"},\"code\":\"ERR_BAD_RESPONSE\",\"status\":504}"
****************
****************
[11:53:52 24/11/2022]
"[ERROR]{}"
****************
****************
[11:55:00 24/11/2022]
"[ERROR]{}"
****************
****************
[11:56:03 24/11/2022]
"[ERROR]{}"
****************
****************
[11:57:24 24/11/2022]
"[ERROR]{}"
****************
****************
[11:58:29 24/11/2022]
"[ERROR]{}"
****************
****************
[11:59:31 24/11/2022]
"[ERROR]{}"
****************
****************
[12:00:33 24/11/2022]
"[ERROR]{}"
****************
****************
[12:01:30 24/11/2022]
"[ERROR]{}"
****************
****************
[12:02:20 24/11/2022]
"[ERROR]{\"message\":\"Request failed with status code 504\",\"name\":\"AxiosError\",\"config\":{\"transitional\":{\"silentJSONParsing\":true,\"forcedJSONParsing\":true,\"clarifyTimeoutError\":false},\"transformRequest\":[null],\"transformResponse\":[null],\"timeout\":0,\"xsrfCookieName\":\"XSRF-TOKEN\",\"xsrfHeaderName\":\"X-XSRF-TOKEN\",\"maxContentLength\":-1,\"maxBodyLength\":-1,\"env\":{},\"headers\":{\"Accept\":\"application/json, text/plain, */*\",\"Api-Key\":\"eyJhbGciOiJSUzUxMiIsInR5cCI6IkpXVCJ9.eyJzdWIiOiI0NzhmMTdmMC02NTM2LTRiOTctYWNjZi0yYTI5MjIxNmYzZDMiLCJleHAiOjE3MzQ1MzQxNjAsIlBhcnRpdGlvbiI6NX0.RdwUpZdBTl-fL3IPosJt3rZ-9nik7bfiB5InBBXS8xqKbqh4I1-Mt9fTp1F2JeN2pLWJsVSsZgJai8wb2AnIPMKx7g2PENpR3cFPeO8RrlVQU5BO_mYP0slK75nHudX2ggCS7le_LCRpX4xsAbKObksYppgXCHxcYLnXAi7C21wme5HFzMbPsFBFo1ohe3cvI7Y30HSZvh85uo0ngWt1WeuVA_yry60WqT5fLE3A92s8URs59vMqfwhSHvm2ar6FZLP8JtU6-PQtXHb3O-DcyBlmbPevpOOQmuR4aMkxVMyOCIrMJRkKLp7BqaKKuZmDo0jrUpCiNkBE48phpMKx2g\",\"User-Agent\":\"axios/0.27.2\"},\"baseURL\":\"https://api.ximi.xelya.io\",\"method\":\"get\",\"url\":\"/Addi/api/clients?Top=500&Offset=15000\"},\"code\":\"ERR_BAD_RESPONSE\",\"status\":504}"
****************
****************
[12:03:28 24/11/2022]
"[ERROR]{}"
****************
****************
[12:04:39 24/11/2022]
"[ERROR]{}"
****************
****************
[12:05:51 24/11/2022]
"[ERROR]{}"
****************
****************
[12:06:47 24/11/2022]
"[ERROR]{}"
****************
****************
[12:08:05 24/11/2022]
"[ERROR]{}"
****************
****************
[12:09:04 24/11/2022]
"[ERROR]{}"
****************
****************
[12:10:16 24/11/2022]
"[ERROR]{}"
****************
****************
[12:11:15 24/11/2022]
"[ERROR]{}"
****************
****************
[12:12:33 24/11/2022]
"[ERROR]{}"
****************
****************
[12:14:14 24/11/2022]
"[ERROR]{}"
****************
****************
[12:14:59 24/11/2022]
"[ERROR]{}"
****************
****************
[12:16:02 24/11/2022]
"[ERROR]{}"
****************
****************
[12:16:55 24/11/2022]
"[ERROR]{}"
****************
****************
[12:17:52 24/11/2022]
"[ERROR]{}"
****************
****************
[12:18:49 24/11/2022]
"[ERROR]{}"
****************
****************
[12:19:33 24/11/2022]
"[ERROR]{}"
****************
****************
[12:20:25 24/11/2022]
"[ERROR]{}"
****************
****************
[12:21:13 24/11/2022]
"[ERROR]{}"
****************
****************
[12:22:07 24/11/2022]
"[ERROR]{}"
****************
